{"C:\\Users\\bigat\\Desktop\\Estudos\\frontEndMentor\\interactive-card\\.jest\\mocks\\fileMock.js": {"path":"C:\\Users\\bigat\\Desktop\\Estudos\\frontEndMentor\\interactive-card\\.jest\\mocks\\fileMock.js","statementMap":{"0":{"start":{"line":1,"column":0},"end":{"line":1,"column":33}}},"fnMap":{},"branchMap":{},"s":{"0":3},"f":{},"b":{},"_coverageSchema":"1a1c01bbd47fc00a2c39e90264f33305004495a9","hash":"aa5bf79f0be1a24178891d9e2db95e7008072cec"}
,"C:\\Users\\bigat\\Desktop\\Estudos\\frontEndMentor\\interactive-card\\src\\components\\BackgroundSection\\index.jsx": {"path":"C:\\Users\\bigat\\Desktop\\Estudos\\frontEndMentor\\interactive-card\\src\\components\\BackgroundSection\\index.jsx","statementMap":{"0":{"start":{"line":5,"column":2},"end":{"line":9,"column":4}},"1":{"start":{"line":14,"column":0},"end":{"line":16,"column":2}}},"fnMap":{"0":{"name":"BackgroundSection","decl":{"start":{"line":4,"column":9},"end":{"line":4,"column":26}},"loc":{"start":{"line":4,"column":41},"end":{"line":10,"column":1}},"line":4}},"branchMap":{},"s":{"0":1,"1":1},"f":{"0":1},"b":{},"_coverageSchema":"1a1c01bbd47fc00a2c39e90264f33305004495a9","hash":"14ed23aeed2f89ee8cd8313737838f15100fbe92"}
,"C:\\Users\\bigat\\Desktop\\Estudos\\frontEndMentor\\interactive-card\\src\\components\\BackgroundSection\\styles.js": {"path":"C:\\Users\\bigat\\Desktop\\Estudos\\frontEndMentor\\interactive-card\\src\\components\\BackgroundSection\\styles.js","statementMap":{"0":{"start":{"line":5,"column":29},"end":{"line":24,"column":1}},"1":{"start":{"line":6,"column":19},"end":{"line":23,"column":3}}},"fnMap":{"0":{"name":"(anonymous_0)","decl":{"start":{"line":6,"column":4},"end":{"line":6,"column":5}},"loc":{"start":{"line":6,"column":19},"end":{"line":23,"column":3}},"line":6}},"branchMap":{},"s":{"0":1,"1":1},"f":{"0":1},"b":{},"_coverageSchema":"1a1c01bbd47fc00a2c39e90264f33305004495a9","hash":"2670283b46b583d41e477dc4c53022e95d052f7f"}
,"C:\\Users\\bigat\\Desktop\\Estudos\\frontEndMentor\\interactive-card\\src\\components\\Cards\\index.jsx": {"path":"C:\\Users\\bigat\\Desktop\\Estudos\\frontEndMentor\\interactive-card\\src\\components\\Cards\\index.jsx","statementMap":{"0":{"start":{"line":8,"column":24},"end":{"line":8,"column":49}},"1":{"start":{"line":9,"column":21},"end":{"line":9,"column":34}},"2":{"start":{"line":10,"column":2},"end":{"line":35,"column":4}}},"fnMap":{"0":{"name":"Cards","decl":{"start":{"line":7,"column":9},"end":{"line":7,"column":14}},"loc":{"start":{"line":7,"column":17},"end":{"line":36,"column":1}},"line":7}},"branchMap":{"0":{"loc":{"start":{"line":15,"column":15},"end":{"line":15,"column":93}},"type":"cond-expr","locations":[{"start":{"line":15,"column":50},"end":{"line":15,"column":71}},{"start":{"line":15,"column":74},"end":{"line":15,"column":93}}],"line":15},"1":{"loc":{"start":{"line":18,"column":19},"end":{"line":18,"column":78}},"type":"cond-expr","locations":[{"start":{"line":18,"column":42},"end":{"line":18,"column":58}},{"start":{"line":18,"column":61},"end":{"line":18,"column":78}}],"line":18},"2":{"loc":{"start":{"line":20,"column":21},"end":{"line":20,"column":70}},"type":"cond-expr","locations":[{"start":{"line":20,"column":45},"end":{"line":20,"column":49}},{"start":{"line":20,"column":52},"end":{"line":20,"column":70}}],"line":20},"3":{"loc":{"start":{"line":22,"column":21},"end":{"line":22,"column":68}},"type":"cond-expr","locations":[{"start":{"line":22,"column":44},"end":{"line":22,"column":48}},{"start":{"line":22,"column":51},"end":{"line":22,"column":68}}],"line":22},"4":{"loc":{"start":{"line":31,"column":17},"end":{"line":31,"column":63}},"type":"cond-expr","locations":[{"start":{"line":31,"column":39},"end":{"line":31,"column":44}},{"start":{"line":31,"column":47},"end":{"line":31,"column":63}}],"line":31}},"s":{"0":5,"1":5,"2":5},"f":{"0":5},"b":{"0":[5,0],"1":[5,0],"2":[5,0],"3":[5,0],"4":[5,0]},"_coverageSchema":"1a1c01bbd47fc00a2c39e90264f33305004495a9","hash":"3fdd97b7e9873f6f1aca01a31a7c14f3b661d07c"}
,"C:\\Users\\bigat\\Desktop\\Estudos\\frontEndMentor\\interactive-card\\src\\components\\Cards\\styles.js": {"path":"C:\\Users\\bigat\\Desktop\\Estudos\\frontEndMentor\\interactive-card\\src\\components\\Cards\\styles.js","statementMap":{"0":{"start":{"line":6,"column":34},"end":{"line":31,"column":1}},"1":{"start":{"line":7,"column":19},"end":{"line":30,"column":3}},"2":{"start":{"line":33,"column":29},"end":{"line":79,"column":1}},"3":{"start":{"line":34,"column":19},"end":{"line":78,"column":3}},"4":{"start":{"line":82,"column":33},"end":{"line":106,"column":1}},"5":{"start":{"line":83,"column":19},"end":{"line":105,"column":3}},"6":{"start":{"line":108,"column":28},"end":{"line":124,"column":1}},"7":{"start":{"line":109,"column":19},"end":{"line":123,"column":3}}},"fnMap":{"0":{"name":"(anonymous_0)","decl":{"start":{"line":7,"column":4},"end":{"line":7,"column":5}},"loc":{"start":{"line":7,"column":19},"end":{"line":30,"column":3}},"line":7},"1":{"name":"(anonymous_1)","decl":{"start":{"line":34,"column":4},"end":{"line":34,"column":5}},"loc":{"start":{"line":34,"column":19},"end":{"line":78,"column":3}},"line":34},"2":{"name":"(anonymous_2)","decl":{"start":{"line":83,"column":4},"end":{"line":83,"column":5}},"loc":{"start":{"line":83,"column":19},"end":{"line":105,"column":3}},"line":83},"3":{"name":"(anonymous_3)","decl":{"start":{"line":109,"column":4},"end":{"line":109,"column":5}},"loc":{"start":{"line":109,"column":19},"end":{"line":123,"column":3}},"line":109}},"branchMap":{},"s":{"0":2,"1":5,"2":2,"3":5,"4":2,"5":5,"6":2,"7":5},"f":{"0":5,"1":5,"2":5,"3":5},"b":{},"_coverageSchema":"1a1c01bbd47fc00a2c39e90264f33305004495a9","hash":"affcef7549549b32de1dc1864aff039f4ccaa187"}
,"C:\\Users\\bigat\\Desktop\\Estudos\\frontEndMentor\\interactive-card\\src\\components\\CardsSection\\index.jsx": {"path":"C:\\Users\\bigat\\Desktop\\Estudos\\frontEndMentor\\interactive-card\\src\\components\\CardsSection\\index.jsx","statementMap":{"0":{"start":{"line":5,"column":2},"end":{"line":9,"column":4}}},"fnMap":{"0":{"name":"CardsSection","decl":{"start":{"line":4,"column":9},"end":{"line":4,"column":21}},"loc":{"start":{"line":4,"column":24},"end":{"line":10,"column":1}},"line":4}},"branchMap":{},"s":{"0":2},"f":{"0":2},"b":{},"_coverageSchema":"1a1c01bbd47fc00a2c39e90264f33305004495a9","hash":"3402109b8f854cabf1ec2b1e80e20c230903ffcc"}
,"C:\\Users\\bigat\\Desktop\\Estudos\\frontEndMentor\\interactive-card\\src\\components\\CardsSection\\styles.js": {"path":"C:\\Users\\bigat\\Desktop\\Estudos\\frontEndMentor\\interactive-card\\src\\components\\CardsSection\\styles.js","statementMap":{"0":{"start":{"line":3,"column":30},"end":{"line":22,"column":1}},"1":{"start":{"line":4,"column":19},"end":{"line":21,"column":3}}},"fnMap":{"0":{"name":"(anonymous_0)","decl":{"start":{"line":4,"column":4},"end":{"line":4,"column":5}},"loc":{"start":{"line":4,"column":19},"end":{"line":21,"column":3}},"line":4}},"branchMap":{},"s":{"0":1,"1":2},"f":{"0":2},"b":{},"_coverageSchema":"1a1c01bbd47fc00a2c39e90264f33305004495a9","hash":"2bcbee70cbd21481b909f735c01f0f9a2dd78428"}
,"C:\\Users\\bigat\\Desktop\\Estudos\\frontEndMentor\\interactive-card\\src\\components\\SectionContainer\\index.jsx": {"path":"C:\\Users\\bigat\\Desktop\\Estudos\\frontEndMentor\\interactive-card\\src\\components\\SectionContainer\\index.jsx","statementMap":{"0":{"start":{"line":5,"column":2},"end":{"line":9,"column":4}},"1":{"start":{"line":14,"column":0},"end":{"line":16,"column":2}}},"fnMap":{"0":{"name":"SectionContainer","decl":{"start":{"line":4,"column":9},"end":{"line":4,"column":25}},"loc":{"start":{"line":4,"column":40},"end":{"line":10,"column":1}},"line":4}},"branchMap":{},"s":{"0":1,"1":1},"f":{"0":1},"b":{},"_coverageSchema":"1a1c01bbd47fc00a2c39e90264f33305004495a9","hash":"935ef29fc3e8bafdd2094179a33c17743a89934d"}
,"C:\\Users\\bigat\\Desktop\\Estudos\\frontEndMentor\\interactive-card\\src\\components\\SectionContainer\\styles.js": {"path":"C:\\Users\\bigat\\Desktop\\Estudos\\frontEndMentor\\interactive-card\\src\\components\\SectionContainer\\styles.js","statementMap":{"0":{"start":{"line":3,"column":25},"end":{"line":24,"column":1}},"1":{"start":{"line":4,"column":19},"end":{"line":23,"column":3}}},"fnMap":{"0":{"name":"(anonymous_0)","decl":{"start":{"line":4,"column":4},"end":{"line":4,"column":5}},"loc":{"start":{"line":4,"column":19},"end":{"line":23,"column":3}},"line":4}},"branchMap":{},"s":{"0":1,"1":1},"f":{"0":1},"b":{},"_coverageSchema":"1a1c01bbd47fc00a2c39e90264f33305004495a9","hash":"a62b5b2be27501075d2b4f86d8eb74bfa767fa16"}
,"C:\\Users\\bigat\\Desktop\\Estudos\\frontEndMentor\\interactive-card\\src\\context\\StatesProvider\\context.js": {"path":"C:\\Users\\bigat\\Desktop\\Estudos\\frontEndMentor\\interactive-card\\src\\context\\StatesProvider\\context.js","statementMap":{"0":{"start":{"line":3,"column":29},"end":{"line":3,"column":44}}},"fnMap":{},"branchMap":{},"s":{"0":2},"f":{},"b":{},"_coverageSchema":"1a1c01bbd47fc00a2c39e90264f33305004495a9","hash":"51b3c296be4cfb6e8de0952f61a9797da9219a35"}
,"C:\\Users\\bigat\\Desktop\\Estudos\\frontEndMentor\\interactive-card\\src\\context\\StatesProvider\\data.js": {"path":"C:\\Users\\bigat\\Desktop\\Estudos\\frontEndMentor\\interactive-card\\src\\context\\StatesProvider\\data.js","statementMap":{"0":{"start":{"line":1,"column":28},"end":{"line":7,"column":1}},"1":{"start":{"line":9,"column":38},"end":{"line":15,"column":1}},"2":{"start":{"line":17,"column":36},"end":{"line":22,"column":1}}},"fnMap":{},"branchMap":{},"s":{"0":2,"1":2,"2":2},"f":{},"b":{},"_coverageSchema":"1a1c01bbd47fc00a2c39e90264f33305004495a9","hash":"5cabcd8d5d4080a1349dcad06320f5cde06abb3b"}
,"C:\\Users\\bigat\\Desktop\\Estudos\\frontEndMentor\\interactive-card\\src\\context\\StatesProvider\\index.jsx": {"path":"C:\\Users\\bigat\\Desktop\\Estudos\\frontEndMentor\\interactive-card\\src\\context\\StatesProvider\\index.jsx","statementMap":{"0":{"start":{"line":16,"column":39},"end":{"line":19,"column":3}},"1":{"start":{"line":20,"column":59},"end":{"line":23,"column":3}},"2":{"start":{"line":24,"column":43},"end":{"line":27,"column":3}},"3":{"start":{"line":29,"column":40},"end":{"line":29,"column":55}},"4":{"start":{"line":31,"column":31},"end":{"line":52,"column":3}},"5":{"start":{"line":32,"column":11},"end":{"line":41,"column":5}},"6":{"start":{"line":53,"column":2},"end":{"line":57,"column":4}},"7":{"start":{"line":60,"column":0},"end":{"line":62,"column":2}}},"fnMap":{"0":{"name":"StatesProvider","decl":{"start":{"line":15,"column":16},"end":{"line":15,"column":30}},"loc":{"start":{"line":15,"column":45},"end":{"line":58,"column":1}},"line":15},"1":{"name":"(anonymous_1)","decl":{"start":{"line":32,"column":4},"end":{"line":32,"column":5}},"loc":{"start":{"line":32,"column":11},"end":{"line":41,"column":5}},"line":32}},"branchMap":{},"s":{"0":5,"1":5,"2":5,"3":5,"4":5,"5":5,"6":5,"7":2},"f":{"0":5,"1":5},"b":{},"_coverageSchema":"1a1c01bbd47fc00a2c39e90264f33305004495a9","hash":"2506532b9f04505f702572a019a00a8b7d0c00f5"}
,"C:\\Users\\bigat\\Desktop\\Estudos\\frontEndMentor\\interactive-card\\src\\context\\StatesProvider\\reducer.js": {"path":"C:\\Users\\bigat\\Desktop\\Estudos\\frontEndMentor\\interactive-card\\src\\context\\StatesProvider\\reducer.js","statementMap":{"0":{"start":{"line":3,"column":35},"end":{"line":34,"column":1}},"1":{"start":{"line":4,"column":2},"end":{"line":33,"column":3}},"2":{"start":{"line":6,"column":6},"end":{"line":6,"column":52}},"3":{"start":{"line":9,"column":6},"end":{"line":9,"column":54}},"4":{"start":{"line":12,"column":6},"end":{"line":12,"column":53}},"5":{"start":{"line":15,"column":6},"end":{"line":15,"column":52}},"6":{"start":{"line":18,"column":6},"end":{"line":18,"column":51}},"7":{"start":{"line":21,"column":6},"end":{"line":28,"column":8}},"8":{"start":{"line":31,"column":6},"end":{"line":31,"column":26}},"9":{"start":{"line":36,"column":33},"end":{"line":67,"column":1}},"10":{"start":{"line":37,"column":2},"end":{"line":66,"column":3}},"11":{"start":{"line":39,"column":6},"end":{"line":39,"column":59}},"12":{"start":{"line":42,"column":6},"end":{"line":42,"column":61}},"13":{"start":{"line":45,"column":6},"end":{"line":45,"column":60}},"14":{"start":{"line":48,"column":6},"end":{"line":48,"column":59}},"15":{"start":{"line":51,"column":6},"end":{"line":51,"column":58}},"16":{"start":{"line":54,"column":6},"end":{"line":61,"column":8}},"17":{"start":{"line":64,"column":6},"end":{"line":64,"column":26}},"18":{"start":{"line":69,"column":31},"end":{"line":87,"column":1}},"19":{"start":{"line":70,"column":2},"end":{"line":86,"column":3}},"20":{"start":{"line":72,"column":6},"end":{"line":72,"column":58}},"21":{"start":{"line":75,"column":6},"end":{"line":75,"column":60}},"22":{"start":{"line":78,"column":6},"end":{"line":78,"column":58}},"23":{"start":{"line":81,"column":6},"end":{"line":81,"column":57}},"24":{"start":{"line":84,"column":6},"end":{"line":84,"column":26}}},"fnMap":{"0":{"name":"(anonymous_0)","decl":{"start":{"line":3,"column":35},"end":{"line":3,"column":36}},"loc":{"start":{"line":3,"column":54},"end":{"line":34,"column":1}},"line":3},"1":{"name":"(anonymous_1)","decl":{"start":{"line":36,"column":33},"end":{"line":36,"column":34}},"loc":{"start":{"line":36,"column":52},"end":{"line":67,"column":1}},"line":36},"2":{"name":"(anonymous_2)","decl":{"start":{"line":69,"column":31},"end":{"line":69,"column":32}},"loc":{"start":{"line":69,"column":50},"end":{"line":87,"column":1}},"line":69}},"branchMap":{"0":{"loc":{"start":{"line":4,"column":2},"end":{"line":33,"column":3}},"type":"switch","locations":[{"start":{"line":5,"column":4},"end":{"line":7,"column":5}},{"start":{"line":8,"column":4},"end":{"line":10,"column":5}},{"start":{"line":11,"column":4},"end":{"line":13,"column":5}},{"start":{"line":14,"column":4},"end":{"line":16,"column":5}},{"start":{"line":17,"column":4},"end":{"line":19,"column":5}},{"start":{"line":20,"column":4},"end":{"line":29,"column":5}},{"start":{"line":30,"column":4},"end":{"line":32,"column":5}}],"line":4},"1":{"loc":{"start":{"line":37,"column":2},"end":{"line":66,"column":3}},"type":"switch","locations":[{"start":{"line":38,"column":4},"end":{"line":40,"column":5}},{"start":{"line":41,"column":4},"end":{"line":43,"column":5}},{"start":{"line":44,"column":4},"end":{"line":46,"column":5}},{"start":{"line":47,"column":4},"end":{"line":49,"column":5}},{"start":{"line":50,"column":4},"end":{"line":52,"column":5}},{"start":{"line":53,"column":4},"end":{"line":62,"column":5}},{"start":{"line":63,"column":4},"end":{"line":65,"column":5}}],"line":37},"2":{"loc":{"start":{"line":70,"column":2},"end":{"line":86,"column":3}},"type":"switch","locations":[{"start":{"line":71,"column":4},"end":{"line":73,"column":5}},{"start":{"line":74,"column":4},"end":{"line":76,"column":5}},{"start":{"line":77,"column":4},"end":{"line":79,"column":5}},{"start":{"line":80,"column":4},"end":{"line":82,"column":5}},{"start":{"line":83,"column":4},"end":{"line":85,"column":5}}],"line":70}},"s":{"0":2,"1":0,"2":0,"3":0,"4":0,"5":0,"6":0,"7":0,"8":0,"9":2,"10":0,"11":0,"12":0,"13":0,"14":0,"15":0,"16":0,"17":0,"18":2,"19":0,"20":0,"21":0,"22":0,"23":0,"24":0},"f":{"0":0,"1":0,"2":0},"b":{"0":[0,0,0,0,0,0,0],"1":[0,0,0,0,0,0,0],"2":[0,0,0,0,0]},"_coverageSchema":"1a1c01bbd47fc00a2c39e90264f33305004495a9","hash":"3570cf6bc2df28c3baa7b7f03b7b82bdc817eb26"}
,"C:\\Users\\bigat\\Desktop\\Estudos\\frontEndMentor\\interactive-card\\src\\context\\StatesProvider\\types.js": {"path":"C:\\Users\\bigat\\Desktop\\Estudos\\frontEndMentor\\interactive-card\\src\\context\\StatesProvider\\types.js","statementMap":{"0":{"start":{"line":1,"column":25},"end":{"line":1,"column":36}},"1":{"start":{"line":2,"column":27},"end":{"line":2,"column":40}},"2":{"start":{"line":3,"column":26},"end":{"line":3,"column":38}},"3":{"start":{"line":4,"column":25},"end":{"line":4,"column":36}},"4":{"start":{"line":5,"column":24},"end":{"line":5,"column":34}},"5":{"start":{"line":6,"column":26},"end":{"line":6,"column":38}},"6":{"start":{"line":8,"column":33},"end":{"line":8,"column":52}},"7":{"start":{"line":9,"column":35},"end":{"line":9,"column":56}},"8":{"start":{"line":10,"column":34},"end":{"line":10,"column":54}},"9":{"start":{"line":11,"column":33},"end":{"line":11,"column":52}},"10":{"start":{"line":12,"column":32},"end":{"line":12,"column":50}},"11":{"start":{"line":13,"column":34},"end":{"line":13,"column":54}},"12":{"start":{"line":15,"column":31},"end":{"line":15,"column":48}},"13":{"start":{"line":16,"column":33},"end":{"line":16,"column":52}},"14":{"start":{"line":17,"column":31},"end":{"line":17,"column":48}},"15":{"start":{"line":18,"column":30},"end":{"line":18,"column":46}}},"fnMap":{},"branchMap":{},"s":{"0":2,"1":2,"2":2,"3":2,"4":2,"5":2,"6":2,"7":2,"8":2,"9":2,"10":2,"11":2,"12":2,"13":2,"14":2,"15":2},"f":{},"b":{},"_coverageSchema":"1a1c01bbd47fc00a2c39e90264f33305004495a9","hash":"0f5b21b680e0ab0a7ccee48c044fc9f676b2e278"}
,"C:\\Users\\bigat\\Desktop\\Estudos\\frontEndMentor\\interactive-card\\src\\styles\\render-theme.js": {"path":"C:\\Users\\bigat\\Desktop\\Estudos\\frontEndMentor\\interactive-card\\src\\styles\\render-theme.js","statementMap":{"0":{"start":{"line":5,"column":27},"end":{"line":6,"column":65}},"1":{"start":{"line":6,"column":2},"end":{"line":6,"column":65}}},"fnMap":{"0":{"name":"(anonymous_0)","decl":{"start":{"line":5,"column":27},"end":{"line":5,"column":28}},"loc":{"start":{"line":6,"column":2},"end":{"line":6,"column":65}},"line":6}},"branchMap":{},"s":{"0":4,"1":7},"f":{"0":7},"b":{},"_coverageSchema":"1a1c01bbd47fc00a2c39e90264f33305004495a9","hash":"b74c6f61626af622302f3ed4c74dc8e46516c4b8"}
,"C:\\Users\\bigat\\Desktop\\Estudos\\frontEndMentor\\interactive-card\\src\\styles\\theme.js": {"path":"C:\\Users\\bigat\\Desktop\\Estudos\\frontEndMentor\\interactive-card\\src\\styles\\theme.js","statementMap":{"0":{"start":{"line":1,"column":21},"end":{"line":40,"column":1}}},"fnMap":{},"branchMap":{},"s":{"0":4},"f":{},"b":{},"_coverageSchema":"1a1c01bbd47fc00a2c39e90264f33305004495a9","hash":"b690c6c14d9ea7eb2c348e8b1f7c808d0a1c724c"}
}
