TN:
SF:.jest\mocks\fileMock.js
FNF:0
FNH:0
DA:1,3
LF:1
LH:1
BRF:0
BRH:0
end_of_record
TN:
SF:src\components\BackgroundSection\index.jsx
FN:4,BackgroundSection
FNF:1
FNH:1
FNDA:1,BackgroundSection
DA:5,1
DA:14,1
LF:2
LH:2
BRF:0
BRH:0
end_of_record
TN:
SF:src\components\BackgroundSection\styles.js
FN:6,(anonymous_0)
FNF:1
FNH:1
FNDA:1,(anonymous_0)
DA:5,1
DA:6,1
LF:2
LH:2
BRF:0
BRH:0
end_of_record
TN:
SF:src\components\Cards\index.jsx
FN:7,Cards
FNF:1
FNH:1
FNDA:5,Cards
DA:8,5
DA:9,5
DA:10,5
LF:3
LH:3
BRDA:15,0,0,5
BRDA:15,0,1,0
BRDA:18,1,0,5
BRDA:18,1,1,0
BRDA:20,2,0,5
BRDA:20,2,1,0
BRDA:22,3,0,5
BRDA:22,3,1,0
BRDA:31,4,0,5
BRDA:31,4,1,0
BRF:10
BRH:5
end_of_record
TN:
SF:src\components\Cards\styles.js
FN:7,(anonymous_0)
FN:34,(anonymous_1)
FN:83,(anonymous_2)
FN:109,(anonymous_3)
FNF:4
FNH:4
FNDA:5,(anonymous_0)
FNDA:5,(anonymous_1)
FNDA:5,(anonymous_2)
FNDA:5,(anonymous_3)
DA:6,2
DA:7,5
DA:33,2
DA:34,5
DA:82,2
DA:83,5
DA:108,2
DA:109,5
LF:8
LH:8
BRF:0
BRH:0
end_of_record
TN:
SF:src\components\CardsSection\index.jsx
FN:4,CardsSection
FNF:1
FNH:1
FNDA:2,CardsSection
DA:5,2
LF:1
LH:1
BRF:0
BRH:0
end_of_record
TN:
SF:src\components\CardsSection\styles.js
FN:4,(anonymous_0)
FNF:1
FNH:1
FNDA:2,(anonymous_0)
DA:3,1
DA:4,2
LF:2
LH:2
BRF:0
BRH:0
end_of_record
TN:
SF:src\components\SectionContainer\index.jsx
FN:4,SectionContainer
FNF:1
FNH:1
FNDA:1,SectionContainer
DA:5,1
DA:14,1
LF:2
LH:2
BRF:0
BRH:0
end_of_record
TN:
SF:src\components\SectionContainer\styles.js
FN:4,(anonymous_0)
FNF:1
FNH:1
FNDA:1,(anonymous_0)
DA:3,1
DA:4,1
LF:2
LH:2
BRF:0
BRH:0
end_of_record
TN:
SF:src\context\StatesProvider\context.js
FNF:0
FNH:0
DA:3,2
LF:1
LH:1
BRF:0
BRH:0
end_of_record
TN:
SF:src\context\StatesProvider\data.js
FNF:0
FNH:0
DA:1,2
DA:9,2
DA:17,2
LF:3
LH:3
BRF:0
BRH:0
end_of_record
TN:
SF:src\context\StatesProvider\index.jsx
FN:15,StatesProvider
FN:32,(anonymous_1)
FNF:2
FNH:2
FNDA:5,StatesProvider
FNDA:5,(anonymous_1)
DA:16,5
DA:20,5
DA:24,5
DA:29,5
DA:31,5
DA:32,5
DA:53,5
DA:60,2
LF:8
LH:8
BRF:0
BRH:0
end_of_record
TN:
SF:src\context\StatesProvider\reducer.js
FN:3,(anonymous_0)
FN:36,(anonymous_1)
FN:69,(anonymous_2)
FNF:3
FNH:0
FNDA:0,(anonymous_0)
FNDA:0,(anonymous_1)
FNDA:0,(anonymous_2)
DA:3,2
DA:4,0
DA:6,0
DA:9,0
DA:12,0
DA:15,0
DA:18,0
DA:21,0
DA:31,0
DA:36,2
DA:37,0
DA:39,0
DA:42,0
DA:45,0
DA:48,0
DA:51,0
DA:54,0
DA:64,0
DA:69,2
DA:70,0
DA:72,0
DA:75,0
DA:78,0
DA:81,0
DA:84,0
LF:25
LH:3
BRDA:4,0,0,0
BRDA:4,0,1,0
BRDA:4,0,2,0
BRDA:4,0,3,0
BRDA:4,0,4,0
BRDA:4,0,5,0
BRDA:4,0,6,0
BRDA:37,1,0,0
BRDA:37,1,1,0
BRDA:37,1,2,0
BRDA:37,1,3,0
BRDA:37,1,4,0
BRDA:37,1,5,0
BRDA:37,1,6,0
BRDA:70,2,0,0
BRDA:70,2,1,0
BRDA:70,2,2,0
BRDA:70,2,3,0
BRDA:70,2,4,0
BRF:19
BRH:0
end_of_record
TN:
SF:src\context\StatesProvider\types.js
FNF:0
FNH:0
DA:1,2
DA:2,2
DA:3,2
DA:4,2
DA:5,2
DA:6,2
DA:8,2
DA:9,2
DA:10,2
DA:11,2
DA:12,2
DA:13,2
DA:15,2
DA:16,2
DA:17,2
DA:18,2
LF:16
LH:16
BRF:0
BRH:0
end_of_record
TN:
SF:src\styles\render-theme.js
FN:5,(anonymous_0)
FNF:1
FNH:1
FNDA:7,(anonymous_0)
DA:5,4
DA:6,7
LF:2
LH:2
BRF:0
BRH:0
end_of_record
TN:
SF:src\styles\theme.js
FNF:0
FNH:0
DA:1,4
LF:1
LH:1
BRF:0
BRH:0
end_of_record
